{
  "RSpec": {
    "coverage": {
      "/home/joyvis/projects/testes_empregos/cnab_data_importer/spec/business/cnab_rules/data_importer_spec.rb": [
        null,
        null,
        1,
        null,
        1,
        1,
        3,
        2,
        null,
        1,
        2,
        null,
        1,
        1,
        1,
        1,
        null,
        null,
        null,
        1,
        2,
        null,
        1,
        1,
        1,
        null,
        null,
        null,
        null
      ],
      "/home/joyvis/projects/testes_empregos/cnab_data_importer/spec/rails_helper.rb": [
        null,
        1,
        1,
        1,
        null,
        1,
        1,
        null,
        null,
        null,
        null,
        null,
        null,
        null,
        null,
        null,
        null,
        null,
        null,
        null,
        null,
        null,
        null,
        null,
        null,
        null,
        1,
        1,
        null,
        0,
        0,
        null,
        1,
        null,
        1,
        1,
        1,
        1,
        1,
        null,
        null,
        null,
        1,
        null,
        null,
        null,
        null,
        1,
        null,
        null,
        null,
        null,
        null,
        null,
        null,
        null,
        null,
        null,
        null,
        null,
        null,
        null,
        1,
        null,
        null,
        1,
        null,
        null,
        null
      ],
      "/home/joyvis/projects/testes_empregos/cnab_data_importer/config/environment.rb": [
        null,
        1,
        null,
        null,
        1
      ],
      "/home/joyvis/projects/testes_empregos/cnab_data_importer/config/application.rb": [
        1,
        null,
        1,
        null,
        1,
        1,
        1,
        1,
        1,
        1,
        1,
        1,
        1,
        null,
        null,
        null,
        null,
        1,
        null,
        1,
        1,
        null,
        1,
        null,
        null,
        null,
        null,
        null,
        null,
        null,
        1,
        1,
        1,
        1,
        null,
        null,
        null
      ],
      "/home/joyvis/projects/testes_empregos/cnab_data_importer/config/boot.rb": [
        1,
        null,
        1,
        1
      ],
      "/home/joyvis/projects/testes_empregos/cnab_data_importer/config/environments/test.rb": [
        1,
        null,
        null,
        null,
        null,
        null,
        null,
        1,
        null,
        null,
        null,
        null,
        1,
        null,
        null,
        1,
        1,
        null,
        null,
        null,
        null,
        1,
        1,
        null,
        null,
        1,
        null,
        null,
        1,
        null,
        null,
        1,
        null,
        1,
        null,
        null,
        null,
        null,
        1,
        null,
        null,
        1,
        null,
        null,
        null,
        null
      ],
      "/home/joyvis/projects/testes_empregos/cnab_data_importer/config/initializers/application_controller_renderer.rb": [
        null,
        null,
        null,
        null,
        null,
        null,
        null,
        null
      ],
      "/home/joyvis/projects/testes_empregos/cnab_data_importer/config/initializers/assets.rb": [
        null,
        null,
        null,
        1,
        null,
        null,
        null,
        null,
        1,
        null,
        null,
        null,
        null,
        null
      ],
      "/home/joyvis/projects/testes_empregos/cnab_data_importer/config/initializers/backtrace_silencers.rb": [
        null,
        null,
        null,
        null,
        null,
        null,
        null
      ],
      "/home/joyvis/projects/testes_empregos/cnab_data_importer/config/initializers/content_security_policy.rb": [
        null,
        null,
        null,
        null,
        null,
        null,
        null,
        null,
        null,
        null,
        null,
        null,
        null,
        null,
        null,
        null,
        null,
        null,
        null,
        null,
        null,
        null,
        null,
        null,
        null
      ],
      "/home/joyvis/projects/testes_empregos/cnab_data_importer/config/initializers/cookies_serializer.rb": [
        null,
        null,
        null,
        null,
        1
      ],
      "/home/joyvis/projects/testes_empregos/cnab_data_importer/config/initializers/filter_parameter_logging.rb": [
        null,
        null,
        null,
        1
      ],
      "/home/joyvis/projects/testes_empregos/cnab_data_importer/config/initializers/inflections.rb": [
        null,
        null,
        null,
        null,
        null,
        null,
        null,
        null,
        null,
        null,
        null,
        null,
        null,
        null,
        null,
        null
      ],
      "/home/joyvis/projects/testes_empregos/cnab_data_importer/config/initializers/mime_types.rb": [
        null,
        null,
        null,
        null
      ],
      "/home/joyvis/projects/testes_empregos/cnab_data_importer/config/initializers/wrap_parameters.rb": [
        null,
        null,
        null,
        null,
        null,
        null,
        1,
        1,
        null,
        null,
        null,
        null,
        null,
        null
      ],
      "/home/joyvis/projects/testes_empregos/cnab_data_importer/spec/factories/customer.rb": [
        null,
        null,
        1,
        1,
        6,
        6,
        6,
        null,
        null
      ],
      "/home/joyvis/projects/testes_empregos/cnab_data_importer/spec/factories/transaction.rb": [
        null,
        null,
        1,
        1,
        null,
        null,
        null
      ],
      "/home/joyvis/projects/testes_empregos/cnab_data_importer/config/routes.rb": [
        1,
        1,
        1,
        null
      ],
      "/home/joyvis/projects/testes_empregos/cnab_data_importer/app/helpers/application_helper.rb": [
        1,
        null
      ],
      "/home/joyvis/projects/testes_empregos/cnab_data_importer/app/helpers/transactions_helper.rb": [
        1,
        null
      ],
      "/home/joyvis/projects/testes_empregos/cnab_data_importer/app/business/cnab_rules/data_importer.rb": [
        null,
        null,
        1,
        1,
        1,
        null,
        1,
        2,
        2,
        null,
        null,
        1,
        2,
        null,
        null,
        1,
        2,
        21,
        null,
        21,
        21,
        null,
        0,
        null,
        null,
        null,
        null,
        1,
        null,
        1,
        21,
        null,
        13,
        null,
        null,
        null
      ],
      "/home/joyvis/projects/testes_empregos/cnab_data_importer/spec/business/cnab_rules/data_parser_spec.rb": [
        null,
        null,
        1,
        null,
        1,
        1,
        3,
        null,
        1,
        1,
        1,
        null,
        null,
        1,
        1,
        1,
        null,
        null,
        null,
        1,
        2,
        null,
        1,
        1,
        1,
        null,
        null,
        null,
        null
      ],
      "/home/joyvis/projects/testes_empregos/cnab_data_importer/app/business/cnab_rules/data_parser.rb": [
        null,
        null,
        1,
        1,
        1,
        1,
        1,
        null,
        1,
        null,
        1,
        23,
        null,
        null,
        1,
        23,
        null,
        null,
        1,
        23,
        22,
        null,
        1,
        null,
        null,
        1,
        null,
        1,
        23,
        22,
        22,
        null,
        null,
        null,
        22,
        null,
        null,
        null
      ],
      "/home/joyvis/projects/testes_empregos/cnab_data_importer/app/business/cnab_rules/parser/customer_data.rb": [
        null,
        null,
        1,
        1,
        null,
        1,
        23,
        null,
        23,
        null,
        null,
        1,
        null,
        1,
        23,
        null,
        null,
        1,
        23,
        22,
        null,
        5,
        null,
        null,
        1,
        23,
        null,
        null,
        1,
        5,
        null,
        null,
        null,
        5,
        null,
        null,
        1,
        28,
        null,
        null,
        1,
        5,
        null,
        null,
        1,
        5,
        null,
        null
      ],
      "/home/joyvis/projects/testes_empregos/cnab_data_importer/app/business/cnab_rules/parser/transaction_type_data.rb": [
        null,
        null,
        1,
        1,
        null,
        1,
        22,
        null,
        22,
        null,
        null,
        1,
        null,
        1,
        22,
        null,
        null,
        1,
        22,
        null,
        null,
        1,
        22,
        null,
        null
      ],
      "/home/joyvis/projects/testes_empregos/cnab_data_importer/app/business/cnab_rules/parser/transaction_data.rb": [
        null,
        null,
        1,
        1,
        null,
        1,
        22,
        null,
        22,
        null,
        null,
        1,
        null,
        1,
        22,
        null,
        null,
        null,
        null,
        1,
        22,
        null,
        null,
        1,
        22,
        null,
        null,
        null,
        22,
        null,
        null,
        1,
        22,
        null,
        null,
        null,
        22,
        null,
        null,
        1,
        22,
        null,
        null,
        1,
        22,
        null,
        null
      ],
      "/home/joyvis/projects/testes_empregos/cnab_data_importer/spec/models/customer_spec.rb": [
        1,
        null,
        1,
        1,
        6,
        2,
        2,
        2,
        2,
        2,
        null,
        null,
        null
      ],
      "/home/joyvis/projects/testes_empregos/cnab_data_importer/app/models/customer.rb": [
        1,
        1,
        null,
        1,
        1,
        null
      ],
      "/home/joyvis/projects/testes_empregos/cnab_data_importer/app/models/application_record.rb": [
        1,
        1,
        null
      ],
      "/home/joyvis/projects/testes_empregos/cnab_data_importer/spec/models/transaction_spec.rb": [
        1,
        null,
        1,
        1,
        2,
        2,
        2,
        2,
        2,
        2,
        2,
        null,
        null
      ],
      "/home/joyvis/projects/testes_empregos/cnab_data_importer/app/models/transaction.rb": [
        1,
        1,
        1,
        null,
        1,
        null,
        null
      ],
      "/home/joyvis/projects/testes_empregos/cnab_data_importer/spec/models/transaction_type_spec.rb": [
        1,
        null,
        1,
        1,
        2,
        2,
        2,
        2,
        null,
        null,
        null
      ],
      "/home/joyvis/projects/testes_empregos/cnab_data_importer/app/models/transaction_type.rb": [
        1,
        1,
        1,
        null,
        1,
        null,
        1,
        null
      ],
      "/home/joyvis/projects/testes_empregos/cnab_data_importer/db/seeds.rb": [
        null,
        null,
        null,
        null,
        null,
        null,
        null,
        null,
        1,
        null,
        null,
        null,
        null,
        null,
        null,
        null,
        null,
        null,
        null,
        null,
        1,
        null,
        1
      ]
    },
    "timestamp": 1557977194
  }
}
